  stdafx.cpp
  ConsoleApplication3.cpp
c:\users\micole\documents\visual studio 2015\projects\consoleapplication3\consoleapplication3\consoleapplication3.cpp(11): error C2143: syntax error: missing ';' before '*'
c:\users\micole\documents\visual studio 2015\projects\consoleapplication3\consoleapplication3\consoleapplication3.cpp(11): error C2086: 'int x': redefinition
  c:\users\micole\documents\visual studio 2015\projects\consoleapplication3\consoleapplication3\consoleapplication3.cpp(11): note: see declaration of 'x'
c:\users\micole\documents\visual studio 2015\projects\consoleapplication3\consoleapplication3\consoleapplication3.cpp(11): error C2100: illegal indirection
c:\users\micole\documents\visual studio 2015\projects\consoleapplication3\consoleapplication3\consoleapplication3.cpp(11): error C2065: 'z': undeclared identifier
c:\users\micole\documents\visual studio 2015\projects\consoleapplication3\consoleapplication3\consoleapplication3.cpp(11): error C2059: syntax error: '<<'
c:\users\micole\documents\visual studio 2015\projects\consoleapplication3\consoleapplication3\consoleapplication3.cpp(12): error C2059: syntax error: '{'
c:\users\micole\documents\visual studio 2015\projects\consoleapplication3\consoleapplication3\consoleapplication3.cpp(12): error C2143: syntax error: missing ';' before '{'
c:\users\micole\documents\visual studio 2015\projects\consoleapplication3\consoleapplication3\consoleapplication3.cpp(12): error C2065: 'cout': undeclared identifier
c:\users\micole\documents\visual studio 2015\projects\consoleapplication3\consoleapplication3\consoleapplication3.cpp(13): error C2143: syntax error: missing ';' before 'else'
c:\users\micole\documents\visual studio 2015\projects\consoleapplication3\consoleapplication3\consoleapplication3.cpp(13): error C2181: illegal else without matching if
c:\users\micole\documents\visual studio 2015\projects\consoleapplication3\consoleapplication3\consoleapplication3.cpp(13): error C2065: 'cin': undeclared identifier
c:\users\micole\documents\visual studio 2015\projects\consoleapplication3\consoleapplication3\consoleapplication3.cpp(13): error C2065: 'endl': undeclared identifier
c:\users\micole\documents\visual studio 2015\projects\consoleapplication3\consoleapplication3\consoleapplication3.cpp(15): error C2059: syntax error: '{'
c:\users\micole\documents\visual studio 2015\projects\consoleapplication3\consoleapplication3\consoleapplication3.cpp(15): error C2143: syntax error: missing ';' before '{'
c:\users\micole\documents\visual studio 2015\projects\consoleapplication3\consoleapplication3\consoleapplication3.cpp(15): error C2065: 'cout': undeclared identifier
c:\users\micole\documents\visual studio 2015\projects\consoleapplication3\consoleapplication3\consoleapplication3.cpp(17): error C2143: syntax error: missing ';' before 'else'
c:\users\micole\documents\visual studio 2015\projects\consoleapplication3\consoleapplication3\consoleapplication3.cpp(17): error C2181: illegal else without matching if
c:\users\micole\documents\visual studio 2015\projects\consoleapplication3\consoleapplication3\consoleapplication3.cpp(17): error C2065: 'cin': undeclared identifier
c:\users\micole\documents\visual studio 2015\projects\consoleapplication3\consoleapplication3\consoleapplication3.cpp(17): error C2065: 'endl': undeclared identifier
c:\users\micole\documents\visual studio 2015\projects\consoleapplication3\consoleapplication3\consoleapplication3.cpp(12): fatal error C1075: the left brace '{' was unmatched at the end of the file
